warning: Tag `SYMBOL_CACHE_SIZE' at line 289 of file `Doxyfile' has become obsolete.
         To avoid this warning please remove this line from your configuration file or upgrade it using "doxygen -u"
warning: Tag `SHOW_DIRECTORIES' at line 483 of file `Doxyfile' has become obsolete.
         To avoid this warning please remove this line from your configuration file or upgrade it using "doxygen -u"
warning: Tag `HTML_ALIGN_MEMBERS' at line 815 of file `Doxyfile' has become obsolete.
         To avoid this warning please remove this line from your configuration file or upgrade it using "doxygen -u"
warning: Tag `USE_INLINE_TREES' at line 984 of file `Doxyfile' has become obsolete.
         To avoid this warning please remove this line from your configuration file or upgrade it using "doxygen -u"
warning: Tag `XML_SCHEMA' at line 1186 of file `Doxyfile' has become obsolete.
         To avoid this warning please remove this line from your configuration file or upgrade it using "doxygen -u"
warning: Tag `XML_DTD' at line 1192 of file `Doxyfile' has become obsolete.
         To avoid this warning please remove this line from your configuration file or upgrade it using "doxygen -u"
warning: doxygen no longer ships with the FreeSans font.
You may want to clear or change DOT_FONTNAME.
Otherwise you run the risk that the wrong font is being used for dot generated graphs.
Searching for include files...
Searching for example files...
Searching for images...
Searching for dot files...
Searching for msc files...
Searching for dia files...
Searching for files to exclude
Searching INPUT for files to process...
Searching for files in directory /home/jukka/src/viper/tools_zephyr_os_net_tools/tinydtls-0.8.2
Reading and parsing tag files
Parsing files
Preprocessing /home/jukka/src/viper/tools_zephyr_os_net_tools/tinydtls-0.8.2/alert.h...
Parsing file /home/jukka/src/viper/tools_zephyr_os_net_tools/tinydtls-0.8.2/alert.h...
Preprocessing /home/jukka/src/viper/tools_zephyr_os_net_tools/tinydtls-0.8.2/ccm.c...
Parsing file /home/jukka/src/viper/tools_zephyr_os_net_tools/tinydtls-0.8.2/ccm.c...
Preprocessing /home/jukka/src/viper/tools_zephyr_os_net_tools/tinydtls-0.8.2/ccm.h...
Parsing file /home/jukka/src/viper/tools_zephyr_os_net_tools/tinydtls-0.8.2/ccm.h...
Preprocessing /home/jukka/src/viper/tools_zephyr_os_net_tools/tinydtls-0.8.2/crypto.c...
Parsing file /home/jukka/src/viper/tools_zephyr_os_net_tools/tinydtls-0.8.2/crypto.c...
Preprocessing /home/jukka/src/viper/tools_zephyr_os_net_tools/tinydtls-0.8.2/crypto.h...
Parsing file /home/jukka/src/viper/tools_zephyr_os_net_tools/tinydtls-0.8.2/crypto.h...
Preprocessing /home/jukka/src/viper/tools_zephyr_os_net_tools/tinydtls-0.8.2/debug.c...
Parsing file /home/jukka/src/viper/tools_zephyr_os_net_tools/tinydtls-0.8.2/debug.c...
Preprocessing /home/jukka/src/viper/tools_zephyr_os_net_tools/tinydtls-0.8.2/debug.h...
Parsing file /home/jukka/src/viper/tools_zephyr_os_net_tools/tinydtls-0.8.2/debug.h...
Preprocessing /home/jukka/src/viper/tools_zephyr_os_net_tools/tinydtls-0.8.2/dtls.c...
Parsing file /home/jukka/src/viper/tools_zephyr_os_net_tools/tinydtls-0.8.2/dtls.c...
Preprocessing /home/jukka/src/viper/tools_zephyr_os_net_tools/tinydtls-0.8.2/dtls.h...
Parsing file /home/jukka/src/viper/tools_zephyr_os_net_tools/tinydtls-0.8.2/dtls.h...
Preprocessing /home/jukka/src/viper/tools_zephyr_os_net_tools/tinydtls-0.8.2/dtls_config.h...
Parsing file /home/jukka/src/viper/tools_zephyr_os_net_tools/tinydtls-0.8.2/dtls_config.h...
Preprocessing /home/jukka/src/viper/tools_zephyr_os_net_tools/tinydtls-0.8.2/dtls_time.c...
Parsing file /home/jukka/src/viper/tools_zephyr_os_net_tools/tinydtls-0.8.2/dtls_time.c...
Preprocessing /home/jukka/src/viper/tools_zephyr_os_net_tools/tinydtls-0.8.2/dtls_time.h...
Parsing file /home/jukka/src/viper/tools_zephyr_os_net_tools/tinydtls-0.8.2/dtls_time.h...
Preprocessing /home/jukka/src/viper/tools_zephyr_os_net_tools/tinydtls-0.8.2/global.h...
Parsing file /home/jukka/src/viper/tools_zephyr_os_net_tools/tinydtls-0.8.2/global.h...
Preprocessing /home/jukka/src/viper/tools_zephyr_os_net_tools/tinydtls-0.8.2/hmac.c...
Parsing file /home/jukka/src/viper/tools_zephyr_os_net_tools/tinydtls-0.8.2/hmac.c...
Preprocessing /home/jukka/src/viper/tools_zephyr_os_net_tools/tinydtls-0.8.2/hmac.h...
Parsing file /home/jukka/src/viper/tools_zephyr_os_net_tools/tinydtls-0.8.2/hmac.h...
Preprocessing /home/jukka/src/viper/tools_zephyr_os_net_tools/tinydtls-0.8.2/netq.c...
Parsing file /home/jukka/src/viper/tools_zephyr_os_net_tools/tinydtls-0.8.2/netq.c...
Preprocessing /home/jukka/src/viper/tools_zephyr_os_net_tools/tinydtls-0.8.2/netq.h...
Parsing file /home/jukka/src/viper/tools_zephyr_os_net_tools/tinydtls-0.8.2/netq.h...
Preprocessing /home/jukka/src/viper/tools_zephyr_os_net_tools/tinydtls-0.8.2/numeric.h...
Parsing file /home/jukka/src/viper/tools_zephyr_os_net_tools/tinydtls-0.8.2/numeric.h...
Preprocessing /home/jukka/src/viper/tools_zephyr_os_net_tools/tinydtls-0.8.2/peer.c...
Parsing file /home/jukka/src/viper/tools_zephyr_os_net_tools/tinydtls-0.8.2/peer.c...
Preprocessing /home/jukka/src/viper/tools_zephyr_os_net_tools/tinydtls-0.8.2/peer.h...
Parsing file /home/jukka/src/viper/tools_zephyr_os_net_tools/tinydtls-0.8.2/peer.h...
Preprocessing /home/jukka/src/viper/tools_zephyr_os_net_tools/tinydtls-0.8.2/prng.h...
Parsing file /home/jukka/src/viper/tools_zephyr_os_net_tools/tinydtls-0.8.2/prng.h...
Preprocessing /home/jukka/src/v/home/jukka/src/viper/tools_zephyr_os_net_tools/tinydtls-0.8.2/ccm.h:38: warning: argument 'N' of command @param is not found in the argument list of dtls_ccm_encrypt_message(rijndael_ctx *ctx, size_t M, size_t L, unsigned char nonce[DTLS_CCM_BLOCKSIZE], unsigned char *msg, size_t lm, const unsigned char *aad, size_t la)
/home/jukka/src/viper/tools_zephyr_os_net_tools/tinydtls-0.8.2/ccm.c:176: warning: The following parameters of dtls_ccm_encrypt_message(rijndael_ctx *ctx, size_t M, size_t L, unsigned char nonce[DTLS_CCM_BLOCKSIZE], unsigned char *msg, size_t lm, const unsigned char *aad, size_t la) are not documented:
  parameter 'nonce'
/home/jukka/src/viper/tools_zephyr_os_net_tools/tinydtls-0.8.2/ccm.h:38: warning: argument 'N' of command @param is not found in the argument list of dtls_ccm_encrypt_message(rijndael_ctx *ctx, size_t M, size_t L, unsigned char nonce[DTLS_CCM_BLOCKSIZE], unsigned char *msg, size_t lm, const unsigned char *aad, size_t la)
/home/jukka/src/viper/tools_zephyr_os_net_tools/tinydtls-0.8.2/ccm.h:58: warning: The following parameters of dtls_ccm_encrypt_message(rijndael_ctx *ctx, size_t M, size_t L, unsigned char nonce[DTLS_CCM_BLOCKSIZE], unsigned char *msg, size_t lm, const unsigned char *aad, size_t la) are not documented:
  parameter 'nonce'
iper/tools_zephyr_os_net_tools/tinydtls-0.8.2/session.c...
Parsing file /home/jukka/src/viper/tools_zephyr_os_net_tools/tinydtls-0.8.2/session.c...
Preprocessing /home/jukka/src/viper/tools_zephyr_os_net_tools/tinydtls-0.8.2/session.h...
Parsing file /home/jukka/src/viper/tools_zephyr_os_net_tools/tinydtls-0.8.2/session.h...
Preprocessing /home/jukka/src/viper/tools_zephyr_os_net_tools/tinydtls-0.8.2/state.h...
Parsing file /home/jukka/src/viper/tools_zephyr_os_net_tools/tinydtls-0.8.2/state.h...
Preprocessing /home/jukka/src/viper/tools_zephyr_os_net_tools/tinydtls-0.8.2/t_list.h...
Parsing file /home/jukka/src/viper/tools_zephyr_os_net_tools/tinydtls-0.8.2/t_list.h...
Preprocessing /home/jukka/src/viper/tools_zephyr_os_net_tools/tinydtls-0.8.2/tinydtls.h...
Parsing file /home/jukka/src/viper/tools_zephyr_os_net_tools/tinydtls-0.8.2/tinydtls.h...
Preprocessing /home/jukka/src/viper/tools_zephyr_os_net_tools/tinydtls-0.8.2/uthash.h...
Parsing file /home/jukka/src/viper/tools_zephyr_os_net_tools/tinydtls-0.8.2/uthash.h...
Preprocessing /home/jukka/src/viper/tools_zephyr_os_net_tools/tinydtls-0.8.2/utlist.h...
Parsing file /home/jukka/src/viper/tools_zephyr_os_net_tools/tinydtls-0.8.2/utlist.h...
Building group list...
Building directory list...
Building namespace list...
Building file list...
Building class list...
Associating documentation with classes...
Computing nesting relations for classes...
Building example list...
Searching for enumerations...
Searching for documented typedefs...
Searching for members imported via using declarations...
Searching for included using directives...
Searching for documented variables...
Building interface member list...
Building member list...
Searching for friends...
Searching for documented defines...
Computing class inheritance relations...
Computing class usage relations...
Flushing cached template relations that have become invalid...
Creating members for template instances...
Computing class relations...
Add enum values to enums...
Searching for member function documentation...
Building page list...
Search for main page...
Computing page relations...
Determining the scope of groups...
Sorting lists...
Freeing entry tree
Determining which enums are documented
Computing member relations...
Building full member lists recursively...
Adding members to member groups.
Computing member references...
Inheriting documentation...
Generating disk names...
Adding source references...
Adding xrefitems...
Sorting member lists...
Computing dependencies between directories...
Generating citations page...
Counting data structures...
Resolving user defined references...
Finding anchors and sections in the documentation...
Transferring function references...
Combining using relations...
Adding members to index pages...
Generating style sheet...
Generating search indices...
Generating example documentation...
Generating file sources...
Generating code for file alert.h...
Generating code for file ccm.c...
Generating code for file ccm.h...
Generating code for file crypto.c...
Generating code for file crypto.h...
Generating code for file debug.c...
Generating code for file debug.h...
Generating code for file dtls.c...
Generating code for file dtls.h...
Generating code for file dtls_config.h...
Generating code for file dtls_time.c...
Generating code for file dtls_time.h...
Generating code for file global.h...
Generating code for file hmac.c...
Generating code for file hmac.h...
Generating code for file netq.c...
Generating code for file netq.h...
Generating code for file numeric.h...
Generating code for file peer.c...
Generating code for file peer.h...
Generating code for file prng.h...
Generating code for file session.c...
Generating code for file session.h...
Generating code for file state.h...
Generating code for file t_list.h...
Generating code for file tinydtls.h...
Generating code for file uthash.h...
Generating code for file utlist.h...
Generating file documentation...
Generating docs for file alert.h...
Generating docs for file ccm.c...
Generating docs for file ccm.h...
Generating docs for file /home/jukka/src/viper/tools_zephyr_os_net_tools/tinydtls-0.8.2/crypto.h:271: warning: argument 'ctx' of command @param is not found in the argument list of dtls_decrypt(const unsigned char *src, size_t length, unsigned char *buf, unsigned char *nounce, unsigned char *key, size_t keylen, const unsigned char *a_data, size_t a_data_length)
/home/jukka/src/viper/tools_zephyr_os_net_tools/tinydtls-0.8.2/crypto.h:271: warning: argument 'aad' of command @param is not found in the argument list of dtls_decrypt(const unsigned char *src, size_t length, unsigned char *buf, unsigned char *nounce, unsigned char *key, size_t keylen, const unsigned char *a_data, size_t a_data_length)
/home/jukka/src/viper/tools_zephyr_os_net_tools/tinydtls-0.8.2/crypto.h:271: warning: argument 'aad_length' of command @param is not found in the argument list of dtls_decrypt(const unsigned char *src, size_t length, unsigned char *buf, unsigned char *nounce, unsigned char *key, size_t keylen, const unsigned char *a_data, size_t a_data_length)
/home/jukka/src/viper/tools_zephyr_os_net_tools/tinydtls-0.8.2/crypto.c:550: warning: The following parameters of dtls_decrypt(const unsigned char *src, size_t length, unsigned char *buf, unsigned char *nounce, unsigned char *key, size_t keylen, const unsigned char *a_data, size_t a_data_length) are not documented:
  parameter 'nounce'
  parameter 'key'
  parameter 'keylen'
  parameter 'a_data'
  parameter 'a_data_length'
/home/jukka/src/viper/tools_zephyr_os_net_tools/tinydtls-0.8.2/crypto.h:245: warning: argument 'ctx' of command @param is not found in the argument list of dtls_encrypt(const unsigned char *src, size_t length, unsigned char *buf, unsigned char *nounce, unsigned char *key, size_t keylen, const unsigned char *aad, size_t aad_length)
/home/jukka/src/viper/tools_zephyr_os_net_tools/tinydtls-0.8.2/crypto.c:524: warning: The following parameters of dtls_encrypt(const unsigned char *src, size_t length, unsigned char *buf, unsigned char *nounce, unsigned char *key, size_t keylen, const unsigned char *aad, size_t aad_length) are not documented:
  parameter 'nounce'
  parameter 'key'
  parameter 'keylen'
/home/jukka/src/viper/tools_zephyr_os_net_tools/tinydtls-0.8.2/crypto.h:190: warning: argument 'seed' of command @param is not found in the argument list of dtls_p_hash(dtls_hashfunc_t h, const unsigned char *key, size_t keylen, const unsigned char *label, size_t labellen, const unsigned char *random1, size_t random1len, const unsigned char *random2, size_t random2len, unsigned char *buf, size_t buflen)
/home/jukka/src/viper/tools_zephyr_os_net_tools/tinydtls-0.8.2/crypto.h:190: warning: argument 'seedlen' of command @param is not found in the argument list of dtls_p_hash(dtls_hashfunc_t h, const unsigned char *key, size_t keylen, const unsigned char *label, size_t labellen, const unsigned char *random1, size_t random1len, const unsigned char *random2, size_t random2len, unsigned char *buf, size_t buflen)
/home/jukka/src/viper/tools_zephyr_os_net_tools/tinydtls-0.8.2/crypto.c:183: warning: The following parameters of dtls_p_hash(dtls_hashfunc_t h, const unsigned char *key, size_t keylen, const unsigned char *label, size_t labellen, const unsigned char *random1, size_t random1len, const unsigned char *random2, size_t random2len, unsigned char *buf, size_t buflen) are not documented:
  parameter 'label'
  parameter 'labellen'
  parameter 'random1'
  parameter 'random1len'
  parameter 'random2'
  parameter 'random2len'
  parameter 'buflen'
/home/jukka/src/viper/tools_zephyr_os_net_tools/tinydtls-0.8.2/crypto.c:318: warning: The following parameters of dtls_psk_pre_master_secret(unsigned char *key, size_t keylen, unsigned char *result, size_t result_len) are not documented:
  parameter 'result_len'
/home/jukka/src/viper/tools_zephyr_os_net_tools/tinydtls-0.8.2/crypto.h:271: warning: argument 'ctx' of command @param is not found in the argument list of dtls_decrypt(const unsigned char *src, size_t length, unsigned char *buf, unsigned char *nounce, unsigned char *key, size_t keylen, const unsigned char *a_data, size_t a_data_length)
/home/jukka/src/viper/tools_zephyr_os_net_tools/tinydtls-0.8.2/crypto.h:271: warning: argument 'aad' of command @param is not found in the argument list of dtls_decrypt(const unsigned char *src, size_t length, unsigned char *buf, unsigned char *nounce, unsigned char *key, size_t keylen, const unsigned char *a_data, size_t a_data_length)
/home/jukka/src/viper/tools_zephyr_os_net_tools/tinydtls-0.8.2/crypto.h:271: warning: argument 'aad_length' of command @param is not found in the argument list of dtls_decrypt(const unsigned char *src, size_t length, unsigned char *buf, unsigned char *nounce, unsigned char *key, size_t keylen, const unsigned char *a_data, size_t a_data_length)
/home/jukka/src/viper/tools_zephyr_os_net_tools/tinydtls-0.8.2/crypto.h:288: warning: The following parameters of dtls_decrypt(const unsigned char *src, size_t length, unsigned char *buf, unsigned char *nounce, unsigned char *key, size_t keylen, const unsigned char *a_data, size_t a_data_length) are not documented:
  parameter 'nounce'
  parameter 'key'
  parameter 'keylen'
  parameter 'a_data'
  parameter 'a_data_length'
/home/jukka/src/viper/tools_zephyr_os_net_tools/tinydtls-0.8.2/crypto.h:245: warning: argument 'ctx' of command @param is not found in the argument list of dtls_encrypt(const unsigned char *src, size_t length, unsigned char *buf, unsigned char *nounce, unsigned char *key, size_t keylen, const unsigned char *aad, size_t aad_length)
/home/jukka/src/viper/tools_zephyr_os_net_tools/tinydtls-0.8.2/crypto.h:264: warning: The following parameters of dtls_encrypt(const unsigned char *src, size_t length, unsigned char *buf, unsigned char *nounce, unsigned char *key, size_t keylen, const unsigned char *aad, size_t aad_length) are not documented:
  parameter 'nounce'
  parameter 'key'
  parameter 'keylen'
/home/jukka/src/viper/tools_zephyr_os_net_tools/tinydtls-0.8.2/crypto.h:190: warning: argument 'seed' of command @param is not found in the argument list of dtls_p_hash(dtls_hashfunc_t h, const unsigned char *key, size_t keylen, const unsigned char *label, size_t labellen, const unsigned char *random1, size_t random1len, const unsigned char *random2, size_t random2len, unsigned char *buf, size_t buflen)
/home/jukka/src/viper/tools_zephyr_os_net_tools/tinydtls-0.8.2/crypto.h:190: warning: argument 'seedlen' of command @param is not found in the argument list of dtls_p_hash(dtls_hashfunc_t h, const unsigned char *key, size_t keylen, const unsigned char *label, size_t labellen, const unsigned char *random1, size_t random1len, const unsigned char *random2, size_t random2len, unsigned char *buf, size_t buflen)
/home/jukka/src/viper/tools_zephyr_os_net_tools/tinydtls-0.8.2/crypto.h:205: warning: The following parameters of dtls_p_hash(dtls_hashfunc_t h, const unsigned char *key, size_t keylen, const unsigned char *label, size_t labellen, const unsigned char *random1, size_t random1len, const unsigned char *random2, size_t random2len, unsigned char *buf, size_t buflen) are not documented:
  parameter 'label'
  parameter 'labellen'
  parameter 'random1'
  parameter 'random1len'
  parameter 'random2'
  parameter 'random2len'
  parameter 'buflen'
/home/jukka/src/viper/tools_zephyr_os_net_tools/tinydtls-0.8.2/crypto.h:306: warning: The following parameters of dtls_psk_pre_master_secret(unsigned char *key, size_t keylen, unsigned char *result, size_t result_len) are not documented:
  parameter 'result_len'
/home/jukka/src/viper/tools_zephyr_os_net_tools/tinydtls-0.8.2/dtls.c:1394: warning: argument 'buf' of command @param is not found in the argument list of dtls_send_multi(dtls_context_t *ctx, dtls_peer_t *peer, dtls_security_parameters_t *security, session_t *session, unsigned char type, uint8 *buf_array[], size_t buf_len_array[], size_t buf_array_len)
/home/jukka/src/viper/tools_zephyr_os_net_tools/tinydtls-0.8.2/dtls.c:1394: warning: argument 'buflen' of command @param is not found in the argument list of dtls_send_multi(dtls_context_t *ctx, dtls_peer_t *peer, dtls_security_parameters_t *security, session_t *session, unsigned char type, uint8 *buf_array[], size_t buf_len_array[], size_t buf_array_len)
/home/jukka/src/viper/tools_zephyr_os_net_tools/tinydtls-0.8.2/dtls.c:180: warning: The following parameters of dtls_send_multi(dtls_context_t *ctx, dtls_peer_t *peer, dtls_security_parameters_t *security, session_t *session, unsigned char type, uint8 *buf_array[], size_t buf_len_array[], size_t buf_array_len) are not documented:
  parameter 'security'
  parameter 'session'
  parameter 'buf_array'
  parameter 'buf_len_array'
  parameter 'buf_array_len'
/home/jukka/src/viper/tools_zephyr_os_net_tools/tinydtls-0.8.2/dtls.c:1525: warning: argument 'msg' of command @param is not found in the argument list of dtls_verify_peer(dtls_context_t *ctx, dtls_peer_t *peer, session_t *session, uint8 *data, size_t data_length)
/home/jukka/src/viper/tools_zephyr_os_net_tools/tinydtls-0.8.2/dtls.c:1525: warning: argument 'msglen' of command @param is not found in the argument list of dtls_verify_peer(dtls_context_t *ctx, dtls_peer_t *peer, session_t *session, uint8 *data, size_t data_length)
/home/jukka/src/viper/tools_zephyr_os_net_tools/tinydtls-0.8.2/dtls.c:1540: warning: The following parameters of dtls_verify_peer(dtls_context_t *ctx, dtls_peer_t *peer, session_t *session, uint8 *data, size_t data_length) are not documented:
  parameter 'data'
  parameter 'data_length'
crypto.c...
Generating docs for file crypto.h...
Generating docs for file debug.c...
Generating docs for file debug.h...
Generating docs for file dtls.c...
Generating docs for file dtls.h...
Generating docs for file dtls_config.h...
Generating docs for file dtls_time.c...
Generating docs for file dtls_time.h...
Generating docs for file global.h...
Generating docs for file hmac.c...
Generating docs for file hmac.h...
Generating docs for file netq.c...
Generating docs for file netq.h...
Generating docs for file numeric.h...
Generating docs for file peer.c...
Generating docs for file peer.h...
Generating docs for file prng.h...
Generating docs for file session.c...
Generating docs for file session.h...
Generating docs for file state.h...
Generating docs for file t_list.h...
Generating docs for file tinydtls.h...
Generating docs for file uthash.h...
Generating docs for file utlist.h...
Generating page documentation...
Generating group documentation...
Generating class documentation...
Generating docs for compound aes128_ccm_t...
Generating docs for compound dtls_cipher_context_t...
Generating docs for compound dtls_context_t...
Generating docs for compound dtls_ecdsa_key_t...
Generating docs for compound dtls_handler_t...
Generating docs for compound dtls_handshake_parameters_ecdsa_t...
Generating docs for compound dtls_handshake_parameters_psk_t...
Generating docs for compound dtls_handshake_parameters_t...
Generating docs for compound dtls_hmac_context_t...
Generating docs for compound dtls_hs_state_t...
Generating docs for compound dtls_peer_t...
Generating docs for compound dtls_security_parameters_t...
Generating docs for compound list...
Generating docs for compound netq_t...
Generating docs for compound session_t...
Generating docs for compound UT_hash_bucket...
Generating docs for compound UT_hash_handle...
Generating docs for compound UT_hash_table...
Generating namespace index...
Generating graph info page...
Generating directory documentation...
Generating index page...
Generating page index...
Generating module index...
Generating namespace index...
Generating namespace member index...
Generating annotated compound index...
Generating alphabetical compound index...
Generating hierarchical class index...
Generating member index...
Generating file index...
Generating file member index...
Generating example index...
finalizing index lists...
writing tag file...
lookup cache used 826/65536 hits=5827 misses=845
finished...
